<?xml version="1.0" encoding="UTF-8"?>
<testsuite xmlns:xsi="http://www.w3.org/2001/XMLSchema-instance" xsi:noNamespaceSchemaLocation="https://maven.apache.org/surefire/maven-surefire-plugin/xsd/surefire-test-report.xsd" name="org.example.CalcTest" time="0.01" tests="2" errors="0" skipped="0" failures="0">
  <properties>
    <property name="java.specification.version" value="25"/>
    <property name="sun.cpu.isalist" value="amd64"/>
    <property name="sun.jnu.encoding" value="GBK"/>
    <property name="java.class.path" value="E:\13627\Massey\Massey Course\159251-software design\project\4\tutorial4\target\test-classes;E:\13627\Massey\Massey Course\159251-software design\project\4\tutorial4\target\classes;E:\BaiduNetdiskDownload\apache-maven-3.9.8-bin\mvnrep\org\junit\jupiter\junit-jupiter-engine\5.4.0\junit-jupiter-engine-5.4.0.jar;E:\BaiduNetdiskDownload\apache-maven-3.9.8-bin\mvnrep\org\apiguardian\apiguardian-api\1.0.0\apiguardian-api-1.0.0.jar;E:\BaiduNetdiskDownload\apache-maven-3.9.8-bin\mvnrep\org\junit\platform\junit-platform-engine\1.4.0\junit-platform-engine-1.4.0.jar;E:\BaiduNetdiskDownload\apache-maven-3.9.8-bin\mvnrep\org\opentest4j\opentest4j\1.1.1\opentest4j-1.1.1.jar;E:\BaiduNetdiskDownload\apache-maven-3.9.8-bin\mvnrep\org\junit\platform\junit-platform-commons\1.4.0\junit-platform-commons-1.4.0.jar;E:\BaiduNetdiskDownload\apache-maven-3.9.8-bin\mvnrep\org\junit\jupiter\junit-jupiter-api\5.4.0\junit-jupiter-api-5.4.0.jar;E:\BaiduNetdiskDownload\apache-maven-3.9.8-bin\mvnrep\org\junit\jupiter\junit-jupiter\6.0.0\junit-jupiter-6.0.0.jar;E:\BaiduNetdiskDownload\apache-maven-3.9.8-bin\mvnrep\org\junit\jupiter\junit-jupiter-params\6.0.0\junit-jupiter-params-6.0.0.jar;E:\BaiduNetdiskDownload\apache-maven-3.9.8-bin\mvnrep\org\jspecify\jspecify\1.0.0\jspecify-1.0.0.jar;"/>
    <property name="java.vm.vendor" value="Oracle Corporation"/>
    <property name="sun.arch.data.model" value="64"/>
    <property name="user.variant" value=""/>
    <property name="java.vendor.url" value="https://java.oracle.com/"/>
    <property name="user.timezone" value="Asia/Shanghai"/>
    <property name="os.name" value="Windows 11"/>
    <property name="java.vm.specification.version" value="25"/>
    <property name="user.country" value="CN"/>
    <property name="sun.java.launcher" value="SUN_STANDARD"/>
    <property name="sun.boot.library.path" value="C:\Users\13627\.jdks\openjdk-25\bin"/>
    <property name="sun.java.command" value="C:\Users\13627\AppData\Local\Temp\surefire11097554563910138293\surefirebooter8900787508122655954.jar C:\Users\13627\AppData\Local\Temp\surefire11097554563910138293 2025-10-16T21-55-28_579-jvmRun1 surefire947782298549014483tmp surefire_06124926146747163379tmp"/>
    <property name="jdk.debug" value="release"/>
    <property name="surefire.test.class.path" value="E:\13627\Massey\Massey Course\159251-software design\project\4\tutorial4\target\test-classes;E:\13627\Massey\Massey Course\159251-software design\project\4\tutorial4\target\classes;E:\BaiduNetdiskDownload\apache-maven-3.9.8-bin\mvnrep\org\junit\jupiter\junit-jupiter-engine\5.4.0\junit-jupiter-engine-5.4.0.jar;E:\BaiduNetdiskDownload\apache-maven-3.9.8-bin\mvnrep\org\apiguardian\apiguardian-api\1.0.0\apiguardian-api-1.0.0.jar;E:\BaiduNetdiskDownload\apache-maven-3.9.8-bin\mvnrep\org\junit\platform\junit-platform-engine\1.4.0\junit-platform-engine-1.4.0.jar;E:\BaiduNetdiskDownload\apache-maven-3.9.8-bin\mvnrep\org\opentest4j\opentest4j\1.1.1\opentest4j-1.1.1.jar;E:\BaiduNetdiskDownload\apache-maven-3.9.8-bin\mvnrep\org\junit\platform\junit-platform-commons\1.4.0\junit-platform-commons-1.4.0.jar;E:\BaiduNetdiskDownload\apache-maven-3.9.8-bin\mvnrep\org\junit\jupiter\junit-jupiter-api\5.4.0\junit-jupiter-api-5.4.0.jar;E:\BaiduNetdiskDownload\apache-maven-3.9.8-bin\mvnrep\org\junit\jupiter\junit-jupiter\6.0.0\junit-jupiter-6.0.0.jar;E:\BaiduNetdiskDownload\apache-maven-3.9.8-bin\mvnrep\org\junit\jupiter\junit-jupiter-params\6.0.0\junit-jupiter-params-6.0.0.jar;E:\BaiduNetdiskDownload\apache-maven-3.9.8-bin\mvnrep\org\jspecify\jspecify\1.0.0\jspecify-1.0.0.jar;"/>
    <property name="sun.cpu.endian" value="little"/>
    <property name="user.home" value="C:\Users\13627"/>
    <property name="user.language" value="zh"/>
    <property name="java.specification.vendor" value="Oracle Corporation"/>
    <property name="java.version.date" value="2025-09-16"/>
    <property name="java.home" value="C:\Users\13627\.jdks\openjdk-25"/>
    <property name="file.separator" value="\"/>
    <property name="basedir" value="E:\13627\Massey\Massey Course\159251-software design\project\4\tutorial4"/>
    <property name="style.color" value="always"/>
    <property name="java.vm.compressedOopsMode" value="Zero based"/>
    <property name="line.separator" value="&#10;"/>
    <property name="java.vm.specification.vendor" value="Oracle Corporation"/>
    <property name="java.specification.name" value="Java Platform API Specification"/>
    <property name="surefire.real.class.path" value="C:\Users\13627\AppData\Local\Temp\surefire11097554563910138293\surefirebooter8900787508122655954.jar"/>
    <property name="user.script" value=""/>
    <property name="sun.management.compiler" value="HotSpot 64-Bit Tiered Compilers"/>
    <property name="java.runtime.version" value="25+36-3489"/>
    <property name="user.name" value="13627"/>
    <property name="stdout.encoding" value="GBK"/>
    <property name="path.separator" value=";"/>
    <property name="os.version" value="10.0"/>
    <property name="java.runtime.name" value="OpenJDK Runtime Environment"/>
    <property name="file.encoding" value="UTF-8"/>
    <property name="java.vm.name" value="OpenJDK 64-Bit Server VM"/>
    <property name="maven.ext.class.path" value="C:\Program Files\JetBrains\IntelliJ IDEA Community Edition 2025.2.2\plugins\maven\lib\maven-event-listener.jar"/>
    <property name="localRepository" value="E:\BaiduNetdiskDownload\apache-maven-3.9.8-bin\mvnrep"/>
    <property name="java.vendor.url.bug" value="https://bugreport.java.com/bugreport/"/>
    <property name="java.io.tmpdir" value="C:\Users\13627\AppData\Local\Temp\"/>
    <property name="idea.version" value="2025.2.2"/>
    <property name="java.version" value="25"/>
    <property name="user.dir" value="E:\13627\Massey\Massey Course\159251-software design\project\4\tutorial4"/>
    <property name="os.arch" value="amd64"/>
    <property name="jansi.passthrough" value="true"/>
    <property name="java.vm.specification.name" value="Java Virtual Machine Specification"/>
    <property name="sun.os.patch.level" value=""/>
    <property name="native.encoding" value="GBK"/>
    <property name="java.library.path" value="C:\Users\13627\.jdks\openjdk-25\bin;C:\WINDOWS\Sun\Java\bin;C:\WINDOWS\system32;C:\WINDOWS;C:\Program Files\Common Files\Oracle\Java\javapath;C:\Windows\system32;C:\Windows;C:\Windows\System32\Wbem;C:\Windows\System32\WindowsPowerShell\v1.0\;C:\Windows\System32\OpenSSH\;C:\Program Files\dotnet\;C:\Program Files (x86)\NVIDIA Corporation\PhysX\Common;C:\Program Files\NVIDIA Corporation\NVIDIA NvDLISR;C:\WINDOWS\system32;C:\WINDOWS;C:\WINDOWS\System32\Wbem;C:\WINDOWS\System32\WindowsPowerShell\v1.0\;C:\WINDOWS\System32\OpenSSH\;C:\MinGW\mingw64\bin\;C:\MinGW\mingw64\x86_64-w64-mingw32\lib\;C:\Program Files\Git\cmd;E:\Program Files\JetBrains\IntelliJ IDEA Community Edition 2025.2.2\bin;E:\BaiduNetdiskDownload\apache-maven-3.9.8-bin\apache-maven-3.9.8\bin;E:\BaiduNetdiskDownload\apache-maven-3.9.8-bin\apache-maven-3.9.8\bin;C:\Program Files\nodejs\;%NODE_PATH%;;C:\Program Files\Docker\Docker\resources\bin;C:\Users\13627\AppData\Local\Microsoft\WindowsApps;C:\Users\13627\AppData\Local\Programs\Microsoft VS Code\bin;C:\Program Files\nodejs\node_global;;."/>
    <property name="java.vm.info" value="mixed mode, sharing"/>
    <property name="stderr.encoding" value="GBK"/>
    <property name="java.vendor" value="Oracle Corporation"/>
    <property name="java.vm.version" value="25+36-3489"/>
    <property name="stdin.encoding" value="GBK"/>
    <property name="sun.io.unicode.encoding" value="UnicodeLittle"/>
    <property name="maven.repo.local" value="E:\BaiduNetdiskDownload\apache-maven-3.9.8-bin\mvnrep"/>
    <property name="java.class.version" value="69.0"/>
  </properties>
  <testcase name="testAddition" classname="org.example.CalcTest" time="0.007"/>
  <testcase name="testSubtraction" classname="org.example.CalcTest" time="0"/>
</testsuite>